[    0.000000] Initializing cgroup subsys cpuset
[    0.000000] Initializing cgroup subsys cpu
[    0.000000] Initializing cgroup subsys cpuacct
[    0.000000] Linux version 4.4.0-174-generic (buildd@lcy01-amd64-027) (gcc version 5.4.0 20160609 (Ubuntu 5.4.0-6ubuntu1~16.04.12) ) #204-Ubuntu SMP Wed Jan 29 06:41:01 UTC 2020 (Ubuntu 4.4.0-174.204-generic 4.4.211)
[    0.000000] Command line: BOOT_IMAGE=/boot/vmlinuz-4.4.0-174-generic root=LABEL=cloudimg-rootfs ro console=tty1 console=ttyS0
[    0.000000] KERNEL supported cpus:
[    0.000000]   Intel GenuineIntel
[    0.000000]   AMD AuthenticAMD
[    0.000000]   Centaur CentaurHauls
[    0.000000] x86/fpu: xstate_offset[2]:  576, xstate_sizes[2]:  256
[    0.000000] x86/fpu: Supporting XSAVE feature 0x01: 'x87 floating point registers'
[    0.000000] x86/fpu: Supporting XSAVE feature 0x02: 'SSE registers'
[    0.000000] x86/fpu: Supporting XSAVE feature 0x04: 'AVX registers'
[    0.000000] x86/fpu: Enabled xstate features 0x7, context size is 832 bytes, using 'standard' format.
[    0.000000] e820: BIOS-provided physical RAM map:
[    0.000000] BIOS-e820: [mem 0x0000000000000000-0x000000000009fbff] usable
[    0.000000] BIOS-e820: [mem 0x000000000009fc00-0x000000000009ffff] reserved
[    0.000000] BIOS-e820: [mem 0x00000000000f0000-0x00000000000fffff] reserved
[    0.000000] BIOS-e820: [mem 0x0000000000100000-0x00000000dffeffff] usable
[    0.000000] BIOS-e820: [mem 0x00000000dfff0000-0x00000000dfffffff] ACPI data
[    0.000000] BIOS-e820: [mem 0x00000000fec00000-0x00000000fec00fff] reserved
[    0.000000] BIOS-e820: [mem 0x00000000fee00000-0x00000000fee00fff] reserved
[    0.000000] BIOS-e820: [mem 0x00000000fffc0000-0x00000000ffffffff] reserved
[    0.000000] BIOS-e820: [mem 0x0000000100000000-0x000000011fffffff] usable
[    0.000000] NX (Execute Disable) protection: active
[    0.000000] SMBIOS 2.5 present.
[    0.000000] Hypervisor detected: KVM
[    0.000000] e820: last_pfn = 0x120000 max_arch_pfn = 0x400000000
[    0.000000] MTRR: Disabled
[    0.000000] x86/PAT: MTRRs disabled, skipping PAT initialization too.
[    0.000000] CPU MTRRs all blank - virtualized system.
[    0.000000] x86/PAT: Configuration [0-7]: WB  WT  UC- UC  WB  WT  UC- UC  
[    0.000000] e820: last_pfn = 0xdfff0 max_arch_pfn = 0x400000000
[    0.000000] found SMP MP-table at [mem 0x0009fff0-0x0009ffff] mapped at [ffff88000009fff0]
[    0.000000] Scanning 1 areas for low memory corruption
[    0.000000] RAMDISK: [mem 0x362e0000-0x37167fff]
[    0.000000] ACPI: Early table checksum verification disabled
[    0.000000] ACPI: RSDP 0x00000000000E0000 000024 (v02 VBOX  )
[    0.000000] ACPI: XSDT 0x00000000DFFF0030 00003C (v01 VBOX   VBOXXSDT 00000001 ASL  00000061)
[    0.000000] ACPI: FACP 0x00000000DFFF00F0 0000F4 (v04 VBOX   VBOXFACP 00000001 ASL  00000061)
[    0.000000] ACPI: DSDT 0x00000000DFFF0470 002325 (v02 VBOX   VBOXBIOS 00000002 INTL 20100528)
[    0.000000] ACPI: FACS 0x00000000DFFF0200 000040
[    0.000000] ACPI: FACS 0x00000000DFFF0200 000040
[    0.000000] ACPI: APIC 0x00000000DFFF0240 00005C (v02 VBOX   VBOXAPIC 00000001 ASL  00000061)
[    0.000000] ACPI: SSDT 0x00000000DFFF02A0 0001CC (v01 VBOX   VBOXCPUT 00000002 INTL 20100528)
[    0.000000] No NUMA configuration found
[    0.000000] Faking a node at [mem 0x0000000000000000-0x000000011fffffff]
[    0.000000] NODE_DATA(0) allocated [mem 0x11fff7000-0x11fffbfff]
[    0.000000] kvm-clock: Using msrs 4b564d01 and 4b564d00
[    0.000000] kvm-clock: cpu 0, msr 1:1ffef001, primary cpu clock
[    0.000000] kvm-clock: using sched offset of 3681114656 cycles
[    0.000000] clocksource: kvm-clock: mask: 0xffffffffffffffff max_cycles: 0x1cd42e4dffb, max_idle_ns: 881590591483 ns
[    0.000000] Zone ranges:
[    0.000000]   DMA      [mem 0x0000000000001000-0x0000000000ffffff]
[    0.000000]   DMA32    [mem 0x0000000001000000-0x00000000ffffffff]
[    0.000000]   Normal   [mem 0x0000000100000000-0x000000011fffffff]
[    0.000000]   Device   empty
[    0.000000] Movable zone start for each node
[    0.000000] Early memory node ranges
[    0.000000]   node   0: [mem 0x0000000000001000-0x000000000009efff]
[    0.000000]   node   0: [mem 0x0000000000100000-0x00000000dffeffff]
[    0.000000]   node   0: [mem 0x0000000100000000-0x000000011fffffff]
[    0.000000] Initmem setup node 0 [mem 0x0000000000001000-0x000000011fffffff]
[    0.000000] ACPI: PM-Timer IO Port: 0x4008
[    0.000000] IOAPIC[0]: apic_id 2, version 32, address 0xfec00000, GSI 0-23
[    0.000000] ACPI: INT_SRC_OVR (bus 0 bus_irq 0 global_irq 2 dfl dfl)
[    0.000000] ACPI: INT_SRC_OVR (bus 0 bus_irq 9 global_irq 9 low level)
[    0.000000] Using ACPI (MADT) for SMP configuration information
[    0.000000] smpboot: Allowing 2 CPUs, 0 hotplug CPUs
[    0.000000] PM: Registered nosave memory: [mem 0x00000000-0x00000fff]
[    0.000000] PM: Registered nosave memory: [mem 0x0009f000-0x0009ffff]
[    0.000000] PM: Registered nosave memory: [mem 0x000a0000-0x000effff]
[    0.000000] PM: Registered nosave memory: [mem 0x000f0000-0x000fffff]
[    0.000000] PM: Registered nosave memory: [mem 0xdfff0000-0xdfffffff]
[    0.000000] PM: Registered nosave memory: [mem 0xe0000000-0xfebfffff]
[    0.000000] PM: Registered nosave memory: [mem 0xfec00000-0xfec00fff]
[    0.000000] PM: Registered nosave memory: [mem 0xfec01000-0xfedfffff]
[    0.000000] PM: Registered nosave memory: [mem 0xfee00000-0xfee00fff]
[    0.000000] PM: Registered nosave memory: [mem 0xfee01000-0xfffbffff]
[    0.000000] PM: Registered nosave memory: [mem 0xfffc0000-0xffffffff]
[    0.000000] e820: [mem 0xe0000000-0xfebfffff] available for PCI devices
[    0.000000] Booting paravirtualized kernel on KVM
[    0.000000] clocksource: refined-jiffies: mask: 0xffffffff max_cycles: 0xffffffff, max_idle_ns: 7645519600211568 ns
[    0.000000] setup_percpu: NR_CPUS:512 nr_cpumask_bits:512 nr_cpu_ids:2 nr_node_ids:1
[    0.000000] PERCPU: Embedded 33 pages/cpu @ffff88011fc00000 s95448 r8192 d31528 u1048576
[    0.000000] Built 1 zonelists in Node order, mobility grouping on.  Total pages: 1032056
[    0.000000] Policy zone: Normal
[    0.000000] Kernel command line: BOOT_IMAGE=/boot/vmlinuz-4.4.0-174-generic root=LABEL=cloudimg-rootfs ro console=tty1 console=ttyS0
[    0.000000] PID hash table entries: 4096 (order: 3, 32768 bytes)
[    0.000000] Memory: 4028184K/4193848K available (8626K kernel code, 1336K rwdata, 4032K rodata, 1488K init, 1292K bss, 165664K reserved, 0K cma-reserved)
[    0.000000] SLUB: HWalign=64, Order=0-3, MinObjects=0, CPUs=2, Nodes=1
[    0.000000] Kernel/User page tables isolation: enabled
[    0.000000] Hierarchical RCU implementation.
[    0.000000] 	Build-time adjustment of leaf fanout to 64.
[    0.000000] 	RCU restricting CPUs from NR_CPUS=512 to nr_cpu_ids=2.
[    0.000000] RCU: Adjusting geometry for rcu_fanout_leaf=64, nr_cpu_ids=2
[    0.000000] NR_IRQS:33024 nr_irqs:440 16
[    0.000000] Console: colour VGA+ 80x25
[    0.000000] console [tty1] enabled
[    0.000000] console [ttyS0] enabled
[    0.000000] tsc: Detected 2399.996 MHz processor
[    0.388883] Calibrating delay loop (skipped) preset value.. 4799.99 BogoMIPS (lpj=9599984)
[    0.391942] pid_max: default: 32768 minimum: 301
[    0.393293] ACPI: Core revision 20150930
[    0.396396] ACPI: 2 ACPI AML tables successfully acquired and loaded
[    0.398200] Security Framework initialized
[    0.399337] Yama: becoming mindful.
[    0.400333] AppArmor: AppArmor initialized
[    0.405573] Dentry cache hash table entries: 524288 (order: 10, 4194304 bytes)
[    0.413914] Inode-cache hash table entries: 262144 (order: 9, 2097152 bytes)
[    0.415775] Mount-cache hash table entries: 8192 (order: 4, 65536 bytes)
[    0.417378] Mountpoint-cache hash table entries: 8192 (order: 4, 65536 bytes)
[    0.423159] Initializing cgroup subsys io
[    0.424464] Initializing cgroup subsys memory
[    0.425566] Initializing cgroup subsys devices
[    0.426655] Initializing cgroup subsys freezer
[    0.427786] Initializing cgroup subsys net_cls
[    0.428971] Initializing cgroup subsys perf_event
[    0.430200] Initializing cgroup subsys net_prio
[    0.431394] Initializing cgroup subsys hugetlb
[    0.432719] Initializing cgroup subsys pids
[    0.434962] mce: CPU supports 0 MCE banks
[    0.436385] Last level iTLB entries: 4KB 64, 2MB 8, 4MB 8
[    0.438021] Last level dTLB entries: 4KB 64, 2MB 0, 4MB 0, 1GB 4
[    0.439497] Spectre V1 : Mitigation: usercopy/swapgs barriers and __user pointer sanitization
[    0.441753] Spectre V2 : Mitigation: Full generic retpoline
[    0.443196] Spectre V2 : Spectre v2 / SpectreRSB mitigation: Filling RSB on context switch
[    0.445315] Speculative Store Bypass: Vulnerable
[    0.446601] MDS: Mitigation: Clear CPU buffers
[    0.451078] Freeing SMP alternatives memory: 36K
[    0.459717] ftrace: allocating 32305 entries in 127 pages
[    0.529169] smpboot: APIC(0) Converting physical 0 to logical package 0
[    0.530976] smpboot: Max logical packages: 1
[    0.532576] x2apic enabled
[    0.533834] Switched APIC routing to physical x2apic.
[    0.537283] ..TIMER: vector=0x30 apic1=0 pin1=2 apic2=-1 pin2=-1
[    0.646846] smpboot: CPU0: Intel(R) Core(TM) i7-7560U CPU @ 2.40GHz (family: 0x6, model: 0x8e, stepping: 0x9)
[    0.649614] Performance Events: unsupported p6 CPU model 142 no PMU driver, software events only.
[    0.663153] KVM setup paravirtual spinlock
[    0.664839] x86: Booting SMP configuration:
[    0.665865] .... node  #0, CPUs:      #1
[    0.666989] kvm-clock: cpu 1, msr 1:1ffef041, secondary cpu clock
[    0.669605] mce: CPU supports 0 MCE banks
[    0.672438] x86: Booted up 1 node, 2 CPUs
[    0.673824] smpboot: Total of 2 processors activated (9599.98 BogoMIPS)
[    0.675890] devtmpfs: initialized
[    0.678313] evm: security.selinux
[    0.679261] evm: security.SMACK64
[    0.680144] evm: security.SMACK64EXEC
[    0.681123] evm: security.SMACK64TRANSMUTE
[    0.682176] evm: security.SMACK64MMAP
[    0.683292] evm: security.ima
[    0.684195] evm: security.capability
[    0.685503] clocksource: jiffies: mask: 0xffffffff max_cycles: 0xffffffff, max_idle_ns: 7645041785100000 ns
[    0.688416] futex hash table entries: 512 (order: 3, 32768 bytes)
[    0.690201] pinctrl core: initialized pinctrl subsystem
[    0.691698] RTC time: 13:37:19, date: 03/15/20
[    0.693336] NET: Registered protocol family 16
[    0.704060] cpuidle: using governor ladder
[    0.716027] cpuidle: using governor menu
[    0.717269] PCCT header not found.
[    0.718309] ACPI: bus type PCI registered
[    0.720037] acpiphp: ACPI Hot Plug PCI Controller Driver version: 0.5
[    0.722508] PCI: Using configuration type 1 for base access
[    0.742322] ACPI: Added _OSI(Module Device)
[    0.743398] ACPI: Added _OSI(Processor Device)
[    0.744395] ACPI: Added _OSI(3.0 _SCP Extensions)
[    0.745540] ACPI: Added _OSI(Processor Aggregator Device)
[    0.747682] ACPI: Executed 1 blocks of module-level executable AML code
[    0.751974] ACPI: Interpreter enabled
[    0.753964] ACPI: (supports S0 S5)
[    0.754897] ACPI: Using IOAPIC for interrupt routing
[    0.756273] PCI: Using host bridge windows from ACPI; if necessary, use "pci=nocrs" and report a bug
[    0.762214] ACPI: PCI Root Bridge [PCI0] (domain 0000 [bus 00-ff])
[    0.763705] acpi PNP0A03:00: _OSC: OS supports [ASPM ClockPM Segments MSI]
[    0.765652] acpi PNP0A03:00: _OSC: not requesting OS control; OS requires [ExtendedConfig ASPM ClockPM MSI]
[    0.768075] acpi PNP0A03:00: fail to add MMCONFIG information, can't access extended PCI configuration space under this bridge.
[    0.771972] PCI host bridge to bus 0000:00
[    0.786380] pci_bus 0000:00: root bus resource [io  0x0000-0x0cf7 window]
[    0.788112] pci_bus 0000:00: root bus resource [io  0x0d00-0xffff window]
[    0.789731] pci_bus 0000:00: root bus resource [mem 0x000a0000-0x000bffff window]
[    0.792521] pci_bus 0000:00: root bus resource [mem 0xe0000000-0xfdffffff window]
[    0.794542] pci_bus 0000:00: root bus resource [bus 00-ff]
[    0.798951] pci 0000:00:01.1: legacy IDE quirk: reg 0x10: [io  0x01f0-0x01f7]
[    0.800858] pci 0000:00:01.1: legacy IDE quirk: reg 0x14: [io  0x03f6]
[    0.804089] pci 0000:00:01.1: legacy IDE quirk: reg 0x18: [io  0x0170-0x0177]
[    0.807145] pci 0000:00:01.1: legacy IDE quirk: reg 0x1c: [io  0x0376]
[    0.856499] pci 0000:00:07.0: quirk: [io  0x4000-0x403f] claimed by PIIX4 ACPI
[    0.859023] pci 0000:00:07.0: quirk: [io  0x4100-0x410f] claimed by PIIX4 SMB
[    0.880341] ACPI: PCI Interrupt Link [LNKA] (IRQs 5 9 10 *11)
[    0.883213] ACPI: PCI Interrupt Link [LNKB] (IRQs 5 9 *10 11)
[    0.886440] ACPI: PCI Interrupt Link [LNKC] (IRQs 5 *9 10 11)
[    0.889557] ACPI: PCI Interrupt Link [LNKD] (IRQs 5 9 10 *11)
[    0.892807] ACPI: Enabled 2 GPEs in block 00 to 07
[    0.894954] vgaarb: setting as boot device: PCI:0000:00:02.0
[    0.896929] vgaarb: device added: PCI:0000:00:02.0,decodes=io+mem,owns=io+mem,locks=none
[    0.899603] vgaarb: loaded
[    0.900877] vgaarb: bridge control possible 0000:00:02.0
[    0.903616] SCSI subsystem initialized
[    0.905584] ACPI: bus type USB registered
[    0.907239] usbcore: registered new interface driver usbfs
[    0.909157] usbcore: registered new interface driver hub
[    0.911604] usbcore: registered new device driver usb
[    0.913875] PCI: Using ACPI for IRQ routing
[    0.915307] NetLabel: Initializing
[    0.916253] NetLabel:  domain hash size = 128
[    0.917665] NetLabel:  protocols = UNLABELED CIPSOv4
[    0.919874] NetLabel:  unlabeled traffic allowed by default
[    0.923177] amd_nb: Cannot enumerate AMD northbridges
[    0.928646] clocksource: Switched to clocksource kvm-clock
[    0.946441] AppArmor: AppArmor Filesystem Enabled
[    0.947724] pnp: PnP ACPI init
[    0.949518] pnp: PnP ACPI: found 3 devices
[    0.962803] clocksource: acpi_pm: mask: 0xffffff max_cycles: 0xffffff, max_idle_ns: 2085701024 ns
[    0.965144] NET: Registered protocol family 2
[    0.966501] TCP established hash table entries: 32768 (order: 6, 262144 bytes)
[    0.969084] TCP bind hash table entries: 32768 (order: 7, 524288 bytes)
[    0.976141] TCP: Hash tables configured (established 32768 bind 32768)
[    0.978958] UDP hash table entries: 2048 (order: 4, 65536 bytes)
[    0.980398] UDP-Lite hash table entries: 2048 (order: 4, 65536 bytes)
[    0.981977] NET: Registered protocol family 1
[    0.983207] pci 0000:00:00.0: Limiting direct PCI/PCI transfers
[    0.984611] pci 0000:00:01.0: Activating ISA DMA hang workarounds
[    0.987260] Unpacking initramfs...
[    1.249310] Freeing initrd memory: 14880K
[    1.250304] PCI-DMA: Using software bounce buffering for IO (SWIOTLB)
[    1.251566] software IO TLB: mapped [mem 0xdbff0000-0xdfff0000] (64MB)
[    1.253304] clocksource: tsc: mask: 0xffffffffffffffff max_cycles: 0x229833f6470, max_idle_ns: 440795327230 ns
[    1.255680] platform rtc_cmos: registered platform RTC device (no PNP device found)
[    1.257883] Scanning for low memory corruption every 60 seconds
[    1.259983] audit: initializing netlink subsys (disabled)
[    1.261427] audit: type=2000 audit(1584279445.022:1): initialized
[    1.263177] Initialise system trusted keyring
[    1.264522] HugeTLB registered 2 MB page size, pre-allocated 0 pages
[    1.267112] zbud: loaded
[    1.268370] VFS: Disk quotas dquot_6.6.0
[    1.269653] VFS: Dquot-cache hash table entries: 512 (order 0, 4096 bytes)
[    1.271460] squashfs: version 4.0 (2009/01/31) Phillip Lougher
[    1.273981] fuse init (API version 7.23)
[    1.275286] Key type big_key registered
[    1.276338] Allocating IMA MOK and blacklist keyrings.
[    1.283546] Key type asymmetric registered
[    1.284693] Asymmetric key parser 'x509' registered
[    1.286787] Block layer SCSI generic (bsg) driver version 0.4 loaded (major 249)
[    1.289684] io scheduler noop registered
[    1.290705] io scheduler deadline registered (default)
[    1.292396] io scheduler cfq registered
[    1.293764] pci_hotplug: PCI Hot Plug PCI Core version: 0.5
[    1.295252] pciehp: PCI Express Hot Plug Controller Driver version: 0.4
[    1.297396] ACPI: AC Adapter [AC] (on-line)
[    1.298899] input: Power Button as /devices/LNXSYSTM:00/LNXPWRBN:00/input/input0
[    1.301296] ACPI: Power Button [PWRF]
[    1.303000] input: Sleep Button as /devices/LNXSYSTM:00/LNXSLPBN:00/input/input1
[    1.305306] ACPI: Sleep Button [SLPF]
[    1.307315] ACPI: Battery Slot [BAT0] (battery present)
[    1.308662] GHES: HEST is not enabled!
[    1.309847] Serial: 8250/16550 driver, 32 ports, IRQ sharing enabled
[    1.331930] 00:02: ttyS0 at I/O 0x3f8 (irq = 4, base_baud = 115200) is a 16550A
[    1.335106] Linux agpgart interface v0.103
[    1.338916] loop: module loaded
[    1.340435] scsi host0: ata_piix
[    1.341783] scsi host1: ata_piix
[    1.342896] ata1: PATA max UDMA/33 cmd 0x1f0 ctl 0x3f6 bmdma 0xd000 irq 14
[    1.344500] ata2: PATA max UDMA/33 cmd 0x170 ctl 0x376 bmdma 0xd008 irq 15
[    1.346212] libphy: Fixed MDIO Bus: probed
[    1.347367] tun: Universal TUN/TAP device driver, 1.6
[    1.349118] tun: (C) 1999-2004 Max Krasnyansky <maxk@qualcomm.com>
[    1.351041] PPP generic driver version 2.4.2
[    1.352520] ehci_hcd: USB 2.0 'Enhanced' Host Controller (EHCI) Driver
[    1.354656] ehci-pci: EHCI PCI platform driver
[    1.356064] ehci-platform: EHCI generic platform driver
[    1.358192] ohci_hcd: USB 1.1 'Open' Host Controller (OHCI) Driver
[    1.360306] ohci-pci: OHCI PCI platform driver
[    1.361997] ohci-platform: OHCI generic platform driver
[    1.363469] uhci_hcd: USB Universal Host Controller Interface driver
[    1.365127] i8042: PNP: PS/2 Controller [PNP0303:PS2K,PNP0f03:PS2M] at 0x60,0x64 irq 1,12
[    1.367853] serio: i8042 KBD port at 0x60,0x64 irq 1
[    1.369504] serio: i8042 AUX port at 0x60,0x64 irq 12
[    1.371966] mousedev: PS/2 mouse device common for all mice
[    1.374107] rtc_cmos rtc_cmos: rtc core: registered rtc_cmos as rtc0
[    1.375826] rtc_cmos rtc_cmos: alarms up to one day, 114 bytes nvram
[    1.377499] i2c /dev entries driver
[    1.378745] input: AT Translated Set 2 keyboard as /devices/platform/i8042/serio0/input/input2
[    1.381196] device-mapper: uevent: version 1.0.3
[    1.382720] device-mapper: ioctl: 4.34.0-ioctl (2015-10-28) initialised: dm-devel@redhat.com
[    1.384967] ledtrig-cpu: registered to indicate activity on CPUs
[    1.387589] NET: Registered protocol family 10
[    1.389192] NET: Registered protocol family 17
[    1.390974] Key type dns_resolver registered
[    1.392519] registered taskstats version 1
[    1.393800] Loading compiled-in X.509 certificates
[    1.395533] Loaded X.509 cert 'Build time autogenerated kernel key: 2501974cc66248a18f8fa54aaac948a5171f77fb'
[    1.397948] zswap: loaded using pool lzo/zbud
[    1.401304] Key type trusted registered
[    1.406565] Key type encrypted registered
[    1.407656] AppArmor: AppArmor sha1 policy hashing enabled
[    1.409041] ima: No TPM chip found, activating TPM-bypass!
[    1.410443] ima: Allocated hash algorithm: sha1
[    1.411637] evm: HMAC attrs: 0x1
[    1.413129]   Magic number: 12:68:635
[    1.414229] rtc_cmos rtc_cmos: setting system clock to 2020-03-15 13:37:20 UTC (1584279440)
[    1.416604] BIOS EDD facility v0.16 2004-Jun-25, 0 devices found
[    1.418093] EDD information not available.
[    1.553649] Freeing unused kernel memory: 1488K
[    1.555528] Write protecting the kernel read-only data: 14336k
[    1.558153] Freeing unused kernel memory: 1604K
[    1.559783] Freeing unused kernel memory: 64K
Loading, please wait...
starting version 229
[    1.575879] random: systemd-udevd: uninitialized urandom read (16 bytes read, 3 bits of entropy available)
[    1.576177] random: udevadm: uninitialized urandom read (16 bytes read, 3 bits of entropy available)
[    1.576191] random: udevadm: uninitialized urandom read (16 bytes read, 3 bits of entropy available)
[    1.584251] random: systemd-udevd: uninitialized urandom read (16 bytes read, 3 bits of entropy available)
[    1.588112] random: udevadm: uninitialized urandom read (16 bytes read, 3 bits of entropy available)
[    1.588163] random: udevadm: uninitialized urandom read (16 bytes read, 3 bits of entropy available)
[    1.588333] random: udevadm: uninitialized urandom read (16 bytes read, 3 bits of entropy available)
[    1.588379] random: udevadm: uninitialized urandom read (16 bytes read, 3 bits of entropy available)
[    1.588464] random: udevadm: uninitialized urandom read (16 bytes read, 3 bits of entropy available)
[    1.588527] random: udevadm: uninitialized urandom read (16 bytes read, 3 bits of entropy available)
[    1.644747] e1000: Intel(R) PRO/1000 Network Driver - version 7.3.21-k8-NAPI
[    1.647172] e1000: Copyright (c) 1999-2006 Intel Corporation.
[    1.654366] Fusion MPT base driver 3.04.20
[    1.655789] Copyright (c) 1999-2008 LSI Corporation
[    1.664585] Fusion MPT SPI Host driver 3.04.20
[    1.676279] AVX2 version of gcm_enc/dec engaged.
[    1.677570] AES CTR mode by8 optimization enabled
[    1.864276] input: ImExPS/2 Generic Explorer Mouse as /devices/platform/i8042/serio1/input/input4
[    2.055225] e1000 0000:00:03.0 eth0: (PCI:33MHz:32-bit) 02:9d:64:b1:e9:53
[    2.056892] e1000 0000:00:03.0 eth0: Intel(R) PRO/1000 Network Connection
[    2.059143] mptbase: ioc0: Initiating bringup
[    2.059519] e1000 0000:00:03.0 enp0s3: renamed from eth0
[    2.133155] ioc0: LSI53C1030 A0: Capabilities={Initiator}
[    2.320837] scsi host2: ioc0: LSI53C1030 A0, FwRev=00000000h, Ports=1, MaxQ=256, IRQ=20
[    2.442854] scsi 2:0:0:0: Direct-Access     VBOX     HARDDISK         1.0  PQ: 0 ANSI: 5
[    2.450133] scsi target2:0:0: Beginning Domain Validation
[    2.459629] scsi target2:0:0: Domain Validation skipping write tests
[    2.465089] scsi target2:0:0: Ending Domain Validation
[    2.471700] scsi target2:0:0: asynchronous
[    2.479154] scsi 2:0:1:0: Direct-Access     VBOX     HARDDISK         1.0  PQ: 0 ANSI: 5
[    2.483010] scsi target2:0:1: Beginning Domain Validation
[    2.487864] scsi target2:0:1: Domain Validation skipping write tests
[    2.490712] scsi target2:0:1: Ending Domain Validation
[    2.492970] scsi target2:0:1: asynchronous
[    2.506902] sd 2:0:0:0: [sda] 20971520 512-byte logical blocks: (10.7 GB/10.0 GiB)
[    2.509966] sd 2:0:0:0: Attached scsi generic sg0 type 0
[    2.511398] sd 2:0:0:0: [sda] Write Protect is off
[    2.512986] sd 2:0:0:0: [sda] Incomplete mode parameter data
[    2.514361] sd 2:0:0:0: [sda] Assuming drive cache: write through
[    2.516118] sd 2:0:1:0: [sdb] 20480 512-byte logical blocks: (10.5 MB/10.0 MiB)
[    2.518482] sd 2:0:1:0: Attached scsi generic sg1 type 0
[    2.518524] sd 2:0:1:0: [sdb] Write Protect is off
[    2.518643] sd 2:0:1:0: [sdb] Incomplete mode parameter data
[    2.518644] sd 2:0:1:0: [sdb] Assuming drive cache: write through
[    2.523913]  sda: sda1
[    2.525191] sd 2:0:0:0: [sda] Attached SCSI disk
[    2.525283] sd 2:0:1:0: [sdb] Attached SCSI disk
Begin: Loading essential drivers ... [    4.024029] md: linear personality registered for level -1
[    4.028119] md: multipath personality registered for level -4
[    4.032244] md: raid0 personality registered for level 0
[    4.039939] md: raid1 personality registered for level 1
[    4.113110] raid6: sse2x1   gen() 10393 MB/s
[    4.180999] raid6: sse2x1   xor()  6332 MB/s
[    4.248757] raid6: sse2x2   gen() 11330 MB/s
[    4.317096] raid6: sse2x2   xor()  9148 MB/s
[    4.384910] raid6: sse2x4   gen() 11530 MB/s
[    4.452727] raid6: sse2x4   xor()  9573 MB/s
[    4.520718] raid6: avx2x1   gen() 19555 MB/s
[    4.589374] raid6: avx2x2   gen() 21833 MB/s
[    4.656747] raid6: avx2x4   gen() 25762 MB/s
[    4.657974] raid6: using algorithm avx2x4 gen() 25762 MB/s
[    4.659407] raid6: using avx2x2 recovery algorithm
[    4.662094] xor: automatically using best checksumming function:
[    4.701153]    avx       : 29056.000 MB/sec
[    4.703895] async_tx: api initialized (async)
[    4.716927] md: raid6 personality registered for level 6
[    4.718253] md: raid5 personality registered for level 5
[    4.719579] md: raid4 personality registered for level 4
[    4.729737] md: raid10 personality registered for level 10
done.
Begin: Running /scripts/init-premount ... done.
Begin: Mounting root file system ... Begin: Running /scripts/local-top ... done.
Begin: Running /scripts/local-premount ... [    4.763250] Btrfs loaded
Scanning for Btrfs filesystems
done.
Warning: fsck not present, so skipping root file system
[    4.803844] EXT4-fs (sda1): mounted filesystem with ordered data mode. Opts: (null)
done.
Begin: Running /scripts/local-bottom ... done.
Begin: Running /scripts/init-bottom ... done.
[    4.931436] systemd[1]: systemd 229 running in system mode. (+PAM +AUDIT +SELINUX +IMA +APPARMOR +SMACK +SYSVINIT +UTMP +LIBCRYPTSETUP +GCRYPT +GNUTLS +ACL +XZ -LZ4 +SECCOMP +BLKID +ELFUTILS +KMOD -IDN)
[    4.935757] systemd[1]: Detected virtualization oracle.
[    4.937197] systemd[1]: Detected architecture x86-64.

Welcome to [1mUbuntu 16.04.6 LTS[0m!

[    4.941508] systemd[1]: Set hostname to <ubuntu-xenial>.
[    5.437529] systemd[1]: Created slice System Slice.
[[0;32m  OK  [0m] Created slice System Slice.
[    5.441534] systemd[1]: Listening on LVM2 poll daemon socket.
[[0;32m  OK  [0m] Listening on LVM2 poll daemon socket.
[    5.444918] systemd[1]: Created slice system-serial\x2dgetty.slice.
[[0;32m  OK  [0m] Created slice system-serial\x2dgetty.slice.
[    5.447544] systemd[1]: Set up automount Arbitrary Executable File Formats File System Automount Point.
[[0;32m  OK  [0m] Set up automount Arbitrary Executab...ats File System Automount Point.
[    5.450915] systemd[1]: Listening on Syslog Socket.
[[0;32m  OK  [0m] Listening on Syslog Socket.
[    5.453236] systemd[1]: Listening on Journal Socket.
[[0;32m  OK  [0m] Listening on Journal Socket.
[    5.469575] systemd[1]: Starting Set console keymap...
         Starting Set console keymap...
[    5.476156] systemd[1]: Starting Create list of required static device nodes for the current kernel...
         Starting Create list of required st... nodes for the current kernel...
[    5.483471] systemd[1]: Starting Remount Root and Kernel File Systems...
         Starting Remount Root and Kernel File Systems...
[    5.487801] systemd[1]: Mounting Huge Pages File System...
         Mounting Huge Pages File System...
[    5.496795] systemd[1]: Mounting POSIX Message Queue File System...
[    5.98686] EXT4-fs (sda1): re-mounted. Opts: (null)
         Mounting POSIX Message Queue File System...
[    5.501325] systemd[1]: Listening on Device-mapper event daemon FIFOs.
[[0;32m  OK  [0m] Listening on Device-mapper event daemon FIFOs.
[    5.507177] systemd[1]: Listening on /dev/initctl Compatibility Named Pipe.
[[0;32m  OK  [0m] Listening on /dev/initctl Compatibility Named Pipe.
[    5.516914] systemd[1]: Reached target Encrypted Volumes.
[[0;32m  OK  [0m] Reached target Encrypted Volumes.
[    5.541747] systemd[1]: Starting Load Kernel Modules...
         Starting Load Kernel Modules...
[    5.545697] systemd[1]: Reached target System Time Synchronized.
[[0;32m  OK  [0m] Reached target System Time Synchronized.
[    5.550060] systemd[1]: Created slice User and Session Slice.
[[0;32m  OK  [0m] Created slice User and Session Slice.
[    5.553449] systemd[1]: Listening on Journal Audit Socket.
[[0;32m  OK  [0m] Listening on Journal Audit Socket.
[    5.558137] Loading iSCSI transport class v2.0-870.
[    5.558345] systemd[1]: Started Forward Password Requests to Wall Directory Watch.
[[0;32m  OK  [0m] Started Forward Password Requests to Wall Directory Watch.
[    5.565105] systemd[1]: Starting Nameserver information manager...
         Starting Nameserver information manager...
[    5.573411] systemd[1]: Mounting Debug File System...
         Mounting Debug File System...
[    5.576731] iscsi: registered transport (tcp)
[    5.576922] systemd[1]: Started Trigger resolvconf update for networkd DNS.
[[0;32m  OK  [0m] Started Trigger resolvconf update for networkd DNS.
[    5.584153] systemd[1]: Listening on Journal Socket (/dev/log).
[[0;32m  OK  [0m] Listening on Journal Socket (/dev/log).
[    5.596937] systemd[1]: Starting Journal Service...
         Starting Journal Service...
[    5.599679] systemd[1]: Listening on LVM2 metadata daemon socket.
[[0;32m  OK  [0m] Listening on LVM2 metadata daemon socket.
[    5.607345] systemd[1]: Starting Monitoring of LVM2 mirrors, snapshots etc. using dmeventd or progress polling...
         Starting Monitoring of LVM2 mirrors... dmeventd or progress polling...
[    5.615524] systemd[1]: Reached target User and Group Name Lookups.
[[0;32m  OK  [0m] Reached target User and Group Name Lookups.
[    5.619226] systemd[1]: Reached target Swap.
[[0;32m  OK  [0m] Reached target Swap.
[    5.624656] systemd[1]: Listening on udev Control Socket.
[[0;32m  OK  [0m] Listening on udev Control Socket.
[    5.631903] iscsi: registered transport (iser)
[    5.645024] systemd[1]: Starting Uncomplicated firewall...
         Starting Uncomplicated firewall...
[    5.647686] systemd[1]: Reached target Slices.
[[0;32m  OK  [0m] Reached target Slices.
[    5.650641] systemd[1]: Listening on udev Kernel Socket.
[[0;32m  OK  [0m] Listening on udev Kernel Socket.
[    5.654321] systemd[1]: Mounted Debug File System.
[[0;32m  OK  [0m] Mounted Debug File System.
[    5.661191] systemd[1]: Mounted Huge Pages File System.
[[0;32m  OK  [0m] Mounted Huge Pages File System.
[    5.664029] systemd[1]: Mounted POSIX Message Queue File System.
[[0;32m  OK  [0m] Mounted POSIX Message Queue File System.
[    5.666692] systemd[1]: Started Journal Service.
[[0;32m  OK  [0m] Started Journal Service.
[[0;32m  OK  [0m] Started Set console keymap.
[[0;32m  OK  [0m] Started Create list of required sta...ce nodes for the current kernel.
[[0;32m  OK  [0m] Started Remount Root and Kernel File Systems.
[[0;32m  OK  [0m] Started Load Kernel Modules.
[[0;32m  OK  [0m] Started Uncomplicated firewall.
[[0;32m  OK  [0m] Started Nameserver information manager.
[[0;32m  OK  [0m] Started LVM2 metadata daemon.
         Starting Apply Kernel Variables...
         Mounting FUSE Control File System...
         Starting Load/Save Random Seed...
         Starting udev Coldplug all Devices...
         Starting Create Static Device Nodes in /dev...
         Starting Flush Journal to Persistent Storage...
[[0;32m  OK  [0m] Mounted FUSE Control File System.
[[0;32m  OK  [0m] Started Load/Save Random Seed.
[[0;32m  OK  [0m] Started Apply Kernel Variables.
[[0;32m  OK  [0m] Started Flush Journal to Persistent Storage.
[[0;32m  OK  [0m] Started Create Static Device Nodes in /dev.
         Starting udev Kernel Device Manager...
[[0;32m  OK  [0m] Started udev Coldplug all Devices.
[[0;32m  OK  [0m] Started udev Kernel Device Manager.
[[0;32m  OK  [0m] Started Dispatch Password Requests to Console Directory Watch.
[[0;32m  OK  [0m] Found device /dev/ttyS0.
[[0;32m  OK  [0m] Listening on Load/Save RF Kill Switch Status /dev/rfkill Watch.
[[0;32m  OK  [0m] Found device 82540EM Gigabit Ethern...r (PRO/1000 MT Desktop Adapter).
[[0;32m  OK  [0m] Started Monitoring of LVM2 mirrors,...ng dmeventd or progress polling.
[[0;32m  OK  [0m] Reached target Local File Systems (Pre).
[[0;32m  OK  [0m] Reached target Local File Systems.
         Starting Create Volatile Files and Directories...
         Starting Initial cloud-init job (pre-networking)...
         Starting Tell Plymouth To Write Out Runtime Data...
         Starting Set console font and keymap...
         Starting LSB: AppArmor initialization...
[[0;32m  OK  [0m] Started Create Volatile Files and Directories.
[[0;32m  OK  [0m] Started Tell Plymouth To Write Out Runtime Data.
         Starting Update UTMP about System Boot/Shutdown...
[[0;32m  OK  [0m] Started Update UTMP about System Boot/Shutdown.
[[0;32m  OK  [0m] Started LSB: AppArmor initialization.
[[0;32m  OK  [0m] Started Set console font and keymap.
[[0;32m  OK  [0m] Created slice system-getty.slice.
[    7.400108] cloud-init[621]: Cloud-init v. 19.4-33-gbb4131a2-0ubuntu1~16.04.1 running 'init-local' at Sun, 15 Mar 2020 13:37:26 +0000. Up 7.06 seconds.
[[0;32m  OK  [0m] Started Initial cloud-init job (pre-networking).
[[0;32m  OK  [0m] Reached target Network (Pre).
         Starting Raise network interfaces...
[[0;32m  OK  [0m] Started ifup for enp0s3.
[[0;32m  OK  [0m] Started Raise network interfaces.
         Starting Initial cloud-init job (metadata service crawler)...
[[0;32m  OK  [0m] Reached target Network.
[    8.376610] cloud-init[978]: Cloud-init v. 19.4-33-gbb4131a2-0ubuntu1~16.04.1 running 'init' at Sun, 15 Mar 2020 13:37:27 +0000. Up 8.01 seconds.
[    8.378800] cloud-init[978]: ci-info: ++++++++++++++++++++++++++++++++++++++Net device info++++++++++++++++++++++++++++++++++++++
[    8.384454] cloud-init[978]: ci-info: +--------+------+----------------------------+---------------+--------+-------------------+
[    8.392399] cloud-init[978]: ci-info: | Device |  Up  |          Address           |      Mask     | Scope  |     Hw-Address    |
[    8.395597] cloud-init[978]: ci-info: +--------+------+----------------------------+---------------+--------+-------------------+
[    8.399755] cloud-init[978]: ci-info: | enp0s3 | True |         10.0.2.15          | 255.255.255.0 | global | 02:9d:64:b1:e9:53 |
[    8.401758] cloud-init[978]: ci-info: | enp0s3 | True | fe80::9d:64ff:feb1:e953/64 |       .       |  link  | 02:9d:64:b1:e9:53 |
[    8.404815] cloud-init[978]: ci-info: |   lo   | True |         127.0.0.1          |   255.0.0.0   |  host  |         .         |
[    8.406419] cloud-init[978]: ci-info: |   lo   | True |          ::1/128           |       .       |  host  |         .         |
[    8.409081] cloud-init[978]: ci-info: +--------+------+----------------------------+---------------+--------+-------------------+
[    8.411930] cloud-init[978]: ci-info: +++++++++++++++++++++++++++Route IPv4 info++++++++++++++++++++++++++++
[    8.420544] cloud-init[978]: ci-info: +-------+-------------+----------+---------------+-----------+-------+
[    8.432863] [[0;32m  OK  [0m] Started Initial cloud-init job (metadata service crawler).
[[0;32m  OK  [0m] Reached target System Initialization.
cloud-init[978]: ci-info: | Route | Destination | Gateway  |    Genmask    | Interface | Flags |
[    8.435588] [[0;32m  OK  [0m] Listening on D-Bus System Message Bus Socket.
[[0;32m  OK  [0m] Listening on UUID daemon activation socket.
[[0;32m  OK  [0m] Started Daily Cleanup of Temporary Directories.
[[0;32m  OK  [0m] Listening on ACPID Listen Socket.
cloud-init[978]: ci-info: +-------+-------------+----------+---------------+-----------+-------+
[[0;32m  OK  [0m] Started ACPI Events Check.
[[0;32m  OK  [0m] Reached target Paths.
         Starting Docker Socket for the API.
         Starting Socket activation for snappy daemon.
[    8.439369] cloud-init[978]:          Starting LXD - unix socket.
ci-info: |   0   |   0.0.0.0   | 10.0.2.2 |    0.0.0.0    |   enp0s3  |   UG  |
[[0;32m  OK  [0m] Started Daily apt download activities.
[[0;32m  OK  [0m] Started Daily apt upgrade and clean activities.
[[0;32m  OK  [0m] Started Message of the Day.
[[0;32m  OK  [0m] Reached target Timers.
[[0;32m  OK  [0m] Reached target Cloud-config availability.
[[0;32m  OK  [0m] Reached target Network is Online.
[    8.444114] cloud-init[978]: ci-info: |   1   |   10.0.2.0  | 0.0.0.0  | 255.255.255.0 |   enp0s3  |   U   |
[    8.449323] cloud-init[978]: ci-info: +-------+-------------+----------+---------------+-----------+-------+
[    8.450486] cloud-init[978]: ci-info: +++++++++++++++++++Route IPv6 info+++++++++++++++++++
[    8.457207] cloud-init         Starting iSCSI initiator daemon (iscsid)...
[[0;32m  OK  [0m] Listening on Docker Socket for the API.
[[0;32m  OK  [0m] Listening on Socket activation for snappy daemon.
[[0;32m  OK  [0m] Listening on LXD - unix socket.
[[0;32m  OK  [0m] Reached target Sockets.
[[0;32m  OK  [0m] Reached target Basic System.
[978]: ci-info: +-------+-------------+---------+-----------+-------+
[    8.463237]          Starting /etc/rc.local Compatibility...
cloud-init[978]: ci-info: | Route | Destination | Gateway | Interface | Flags |         Starting Accounts Service...

[    8.472455]          cloud-init[978]: ci-info: +-------+-------------+---------+-----------+-------+
Starting Virtualbox guest utils...
[    8.474330] cloud-init[978]: ci-info: |   0   |  fe80::/64  |    ::   |   enp0s3  |   U   |
[    8.483658] cloud-init[978]: ci-info: |   3   |   ff00::/8  |    ::   |   enp0s3  |   U   |
[    8.485279] cloud-init[978]: ci-info: +-------+-------------+---------+-----------+-------+
[[0;32m  OK  [0m] Started Regular background program processing daemon.
         Starting LSB: MD monitoring daemon...
[[0;32m  OK  [0m] Started FUSE filesystem for LXC.
[[0;32m  OK  [0m] Started D-Bus System Message Bus.
         Starting Snappy daemon...
         Starting System Logging Service...
         Starting LXD - container startup/shutdown...
         Starting containerd container runtime...
         Starting OpenBSD Secure Shell server...
[[0;32m  OK  [0m] Started Deferred execution scheduler.
         Starting LSB: Record successful boot for GRUB...
         Starting Login Service...
[[0;32m  OK  [0m] Started ACPI event daemon.
[[0;32m  OK  [0m] Started System Logging Service.
[[0;32m  OK  [0m] Started /etc/rc.local Compatibility.
[[0;32m  OK  [0m] Started containerd container runtime.
[[0;32m  OK  [0m] Started iSCSI initiator daemon (iscsid).
         Starting Authenticate and Authorize Users to Run Privileged Tasks...
         Starting Login to default iSCSI targets...
         Starting Docker Application Container Engine...
[[0;32m  OK  [0m] Started Login Service.
[[0;32m  OK  [0m] Started Unattended Upgrades Shutdown.
[[0;32m  OK  [0m] Started OpenBSD Secure Shell server.
[[0;32m  OK  [0m] Started LSB: MD monitoring daemon.
[[0;32m  OK  [0m] Started LSB: Record successful boot for GRUB.
[[0;32m  OK  [0m] Started Authenticate and Authorize Users to Run Privileged Tasks.
[[0;32m  OK  [0m] Started Login to default iSCSI targets.
[[0;32m  OK  [0m] Started Accounts Service.
[[0;32m  OK  [0m] Reached target Remote File Systems (Pre).
[[0;32m  OK  [0m] Reached target Remote File Systems.
         Starting LSB: Set the CPU Frequency Scaling governor to "ondemand"...
         Starting Permit User Sessions...
         Starting LSB: daemon to balance interrupts for SMP systems...
         Starting LSB: automatic crash report generation...
         Starting LSB: Start Jenkins at boot time...
[[0;32m  OK  [0m] Started LXD - container startup/shutdown.
[[0;32m  OK  [0m] Started Permit User Sessions.
         Starting Terminate Plymouth Boot Screen...
         Starting Hold until boot process finishes up...
[[0;32m  OK  [0m] Started Terminate Plymouth Boot Screen.
[[0;32m  OK  [0m] Started LSB: Set the CPU Frequency Scaling governor to "ondemand".
[[0;32m  OK  [0m] Started Hold until boot process finishes up.
[[0;32m  OK  [0m] Started Serial Getty on ttyS0.
         Starting Set console scheme...
[[0;32m  OK  [0m] Started Getty on tty1.
[[0;32m  OK  [0m] Reached target Login Prompts.
[[0;32m  OK  [0m] Started Set console scheme.
[[0;32m  OK  [0m] Started LSB: daemon to balance interrupts for SMP systems.
[[0;32m  OK  [0m] Started Virtualbox guest utils.
[[0;32m  OK  [0m] Started LSB: automatic crash report generation.
[[0;32m  OK  [0m] Started Snappy daemon.
         Starting Wait until snapd is fully seeded...
[[0;32m  OK  [0m] Started Wait until snapd is fully seeded.
         Starting Apply the settings specified in cloud-config...
[[0;32m  OK  [0m] Created slice User Slice of jenkins.
         Starting User Manager for UID 112...
[[0;32m  OK  [0m] Started Session c1 of user jenkins.
[[0;32m  OK  [0m] Started User Manager for UID 112.
[[0;32m  OK  [0m] Started Docker Application Container Engine.
[   10.571285] cloud-init[1274]: Cloud-init v. 19.4-33-gbb4131a2-0ubuntu1~16.04.1 running 'modules:config' at Sun, 15 Mar 2020 13:37:29 +0000. Up 10.24 seconds.
[[0;32m  OK  [0m] Started Apply the settings specified in cloud-config.
[[0;32m  OK  [0m] Started LSB: Start Jenkins at boot time.
[[0;32m  OK  [0m] Reached target Multi-User System.
         Starting Execute cloud user/final scripts...
[[0;32m  OK  [0m] Reached target Graphical Interface.
         Starting Update UTMP about System Runlevel Changes...
[[0;32m  OK  [0m] Started Update UTMP about System Runlevel Changes.
[[0;32m  OK  [0m] Created slice User Slice of vagrant.
         Starting User Manager for UID 1000...
[[0;32m  OK  [0m] Started Session 1 of user vagrant.
[[0;32m  OK  [0m] Started User Manager for UID 1000.
[   11.789644] cloud-init[1520]: Cloud-init v. 19.4-33-gbb4131a2-0ubuntu1~16.04.1 running 'modules:final' at Sun, 15 Mar 2020 13:37:31 +0000. Up 11.53 seconds.
[   11.797843] cloud-init[1520]: Cloud-init v. 19.4-33-gbb4131a2-0ubuntu1~16.04.1 finished at Sun, 15 Mar 2020 13:37:31 +0000. Datasource DataSourceNoCloud [seed=/dev/sdb][dsmode=net].  Up 11.77 seconds
[[0;32m  OK  [0m] Started Execute cloud user/final scripts.
[[0;32m  OK  [0m] Reached target Cloud-init target.

Ubuntu 16.04.6 LTS ubuntu-xenial ttyS0

ubuntu-xenial login: 